Build started 3/8/2012 11:06:43 AM.
     1>Project "C:\Program Files\Point Grey Research\Triclops Stereo Vision SDK\src\examples\win32\SimpleWin\SimpleWin.vcxproj" on node 2 (build target(s)).
     1>InitializeBuildStatus:
         Creating ".\Debug\SimpleWin.unsuccessfulbuild" because "AlwaysCreate" was specified.
       ClCompile:
         c:\Program Files\Microsoft Visual Studio 10.0\VC\bin\CL.exe /c /I"C:\Program Files\Point Grey Research\Triclops Stereo Vision SDK\include" /I"C:\Program Files\Point Grey Research\Digiclops Stereo Vision System\include" /I..\..\..\..\include /I..\..\include /ZI /nologo /W3 /WX- /Od /Oy- /D WIN32 /D _DEBUG /D _WINDOWS /D _VC80_UPGRADE=0x0600 /D _MBCS /D _AFXDLL /Gm /EHsc /RTC1 /MDd /GS /Gy- /fp:precise /Zc:wchar_t /Zc:forScope /Yc"stdafx.h" /Fp".\Debug\SimpleWin.pch" /Fo".\Debug\\" /Fd".\Debug\vc100.pdb" /FR".\Debug\\" /Gd /TP /analyze- /errorReport:prompt StdAfx.cpp
         StdAfx.cpp
     1>c:\program files\point grey research\triclops stereo vision sdk\src\examples\win32\simplewin\stdafx.cpp : warning C4819: The file contains a character that cannot be represented in the current code page (936). Save the file in Unicode format to prevent data loss
     1>c:\program files\point grey research\triclops stereo vision sdk\src\examples\win32\simplewin\stdafx.h : warning C4819: The file contains a character that cannot be represented in the current code page (936). Save the file in Unicode format to prevent data loss
         _WIN32_WINNT not defined. Defaulting to _WIN32_WINNT_MAXVER (see WinSDKVer.h)
     1>c:\program files\point grey research\triclops stereo vision sdk\include\triclops.h : warning C4819: The file contains a character that cannot be represented in the current code page (936). Save the file in Unicode format to prevent data loss
     1>c:\program files\point grey research\triclops stereo vision sdk\include\triclops3d.h : warning C4819: The file contains a character that cannot be represented in the current code page (936). Save the file in Unicode format to prevent data loss
     1>c:\program files\point grey research\triclops stereo vision sdk\include\triclops.h : warning C4819: The file contains a character that cannot be represented in the current code page (936). Save the file in Unicode format to prevent data loss
     1>c:\program files\point grey research\triclops stereo vision sdk\include\triclopsbuffer.h : warning C4819: The file contains a character that cannot be represented in the current code page (936). Save the file in Unicode format to prevent data loss
     1>c:\program files\point grey research\triclops stereo vision sdk\include\triclops.h : warning C4819: The file contains a character that cannot be represented in the current code page (936). Save the file in Unicode format to prevent data loss
     1>c:\program files\point grey research\triclops stereo vision sdk\include\triclopscontext.h : warning C4819: The file contains a character that cannot be represented in the current code page (936). Save the file in Unicode format to prevent data loss
     1>c:\program files\point grey research\triclops stereo vision sdk\include\triclops.h : warning C4819: The file contains a character that cannot be represented in the current code page (936). Save the file in Unicode format to prevent data loss
     1>c:\program files\point grey research\triclops stereo vision sdk\include\triclopsvalidation.h : warning C4819: The file contains a character that cannot be represented in the current code page (936). Save the file in Unicode format to prevent data loss
     1>c:\program files\point grey research\triclops stereo vision sdk\include\triclops.h : warning C4819: The file contains a character that cannot be represented in the current code page (936). Save the file in Unicode format to prevent data loss
     1>c:\program files\point grey research\triclops stereo vision sdk\include\triclops.h : warning C4819: The file contains a character that cannot be represented in the current code page (936). Save the file in Unicode format to prevent data loss
     1>c:\program files\point grey research\triclops stereo vision sdk\include\triclopsstereo.h : warning C4819: The file contains a character that cannot be represented in the current code page (936). Save the file in Unicode format to prevent data loss
     1>c:\program files\point grey research\triclops stereo vision sdk\include\triclops.h : warning C4819: The file contains a character that cannot be represented in the current code page (936). Save the file in Unicode format to prevent data loss
     1>c:\program files\point grey research\triclops stereo vision sdk\include\triclops.h : warning C4819: The file contains a character that cannot be represented in the current code page (936). Save the file in Unicode format to prevent data loss
     1>c:\program files\point grey research\triclops stereo vision sdk\src\examples\win32\simplewin\stdafx.h(47): fatal error C1083: Cannot open include file: 'digiclops.h': No such file or directory
     1>Done Building Project "C:\Program Files\Point Grey Research\Triclops Stereo Vision SDK\src\examples\win32\SimpleWin\SimpleWin.vcxproj" (build target(s)) -- FAILED.

Build FAILED.

Time Elapsed 00:00:03.29
